<?xml version="1.0" encoding="UTF-8"?>
<!-- Generated by org.testng.reporters.JUnitReportReporter -->
<testsuite hostname="Subrat-PC" name="com.selenium.testNG.SampleTest" tests="2" failures="0" timestamp="3 Apr 2018 06:57:24 GMT" time="0.022" errors="0">
  <testcase name="createCustomerTest" time="0.017" classname="com.selenium.testNG.SampleTest"/>
  <testcase name="modifyCustomerTest" time="0.005" classname="com.selenium.testNG.SampleTest"/>
</testsuite> <!-- com.selenium.testNG.SampleTest -->
