<?xml version="1.0" encoding="UTF-8"?>
<!-- Generated by org.testng.reporters.JUnitReportReporter -->
<testsuite hostname="Subrat-PC" name="com.selenium.testNG.SampleScreenShotTest" tests="1" failures="0" timestamp="9 Apr 2018 10:20:50 GMT" time="22.166" errors="0">
  <testcase name="gmailTest" time="22.166" classname="com.selenium.testNG.SampleScreenShotTest"/>
</testsuite> <!-- com.selenium.testNG.SampleScreenShotTest -->
