<?xml version="1.0" encoding="UTF-8"?>
<!-- Generated by org.testng.reporters.JUnitReportReporter -->
<testsuite hostname="Subrat-PC" name="com.actitime.projcust.ProjCustTest" tests="3" failures="0" timestamp="7 Apr 2018 07:57:05 GMT" time="56.019" errors="0">
  <testcase name="cretCust" time="19.364" classname="com.actitime.projcust.ProjCustTest"/>
  <testcase name="deletCust" time="17.723" classname="com.actitime.projcust.ProjCustTest"/>
  <testcase name="modifyCust" time="18.932" classname="com.actitime.projcust.ProjCustTest"/>
</testsuite> <!-- com.actitime.projcust.ProjCustTest -->
