<?xml version="1.0" encoding="UTF-8"?>
<!-- Generated by org.testng.reporters.JUnitReportReporter -->
<testsuite hostname="Subrat-PC" name="com.actitime.projcust.HomePageTest" tests="2" failures="0" timestamp="7 Apr 2018 08:23:09 GMT" time="26.768" errors="0">
  <testcase name="verifyLogoTest" time="15.097" classname="com.actitime.projcust.HomePageTest"/>
  <testcase name="verifyTitleTest" time="11.671" classname="com.actitime.projcust.HomePageTest"/>
</testsuite> <!-- com.actitime.projcust.HomePageTest -->
