<?xml version="1.0" encoding="UTF-8"?>
<!-- Generated by org.testng.reporters.JUnitReportReporter -->
<testsuite hostname="Subrat-PC" name="com.actitime.projcust.CreateCustProject" tests="1" failures="0" timestamp="26 Apr 2018 07:04:00 GMT" time="9.439" errors="0">
  <testcase name="CreateCustomer" time="9.439" classname="com.actitime.projcust.CreateCustProject"/>
</testsuite> <!-- com.actitime.projcust.CreateCustProject -->
